<?xml version="1.0" encoding="UTF-8"?>
<!-- Generated by org.testng.reporters.JUnitReportReporter -->
<testsuite skipped="0" hostname="LAPTOP-LGI8PTUL" name="testService" tests="1" failures="0" timestamp="2019-11-25T00:02:38 CET" time="2.484" errors="0">
  <testcase name="verifyService" time="2.484" classname="testService"/>
</testsuite> <!-- testService -->
